The system is: Linux - 2.6.32-358.el6.i686 - i686
Compiling the CXX compiler identification source file "CMakeCXXCompilerId.cpp" succeeded.
Compiler: /usr/bin/c++ 
Build flags: 
Id flags: 

The output was:
0
CMakeCXXCompilerId.cpp:67: warning: deprecated conversion from string constant to ‘char*’
CMakeCXXCompilerId.cpp:157: warning: deprecated conversion from string constant to ‘char*’


Compilation of the CXX compiler identification source "CMakeCXXCompilerId.cpp" produced "a.out"

The CXX compiler identification is GNU, found in "/home/cristian/Bpp/bpp-core-2.1.0/CMakeFiles/CompilerIdCXX/a.out"

Determining if the CXX compiler works passed with the following output:
Change Dir: /home/cristian/Bpp/bpp-core-2.1.0/CMakeFiles/CMakeTmp

Run Build Command:/usr/bin/gmake "cmTryCompileExec/fast"
/usr/bin/gmake -f CMakeFiles/cmTryCompileExec.dir/build.make CMakeFiles/cmTryCompileExec.dir/build
gmake[1]: Entering directory `/home/cristian/Bpp/bpp-core-2.1.0/CMakeFiles/CMakeTmp'
/usr/bin/cmake -E cmake_progress_report /home/cristian/Bpp/bpp-core-2.1.0/CMakeFiles/CMakeTmp/CMakeFiles 1
Building CXX object CMakeFiles/cmTryCompileExec.dir/testCXXCompiler.cxx.o
/usr/bin/c++     -o CMakeFiles/cmTryCompileExec.dir/testCXXCompiler.cxx.o -c /home/cristian/Bpp/bpp-core-2.1.0/CMakeFiles/CMakeTmp/testCXXCompiler.cxx
Linking CXX executable cmTryCompileExec
/usr/bin/cmake -E cmake_link_script CMakeFiles/cmTryCompileExec.dir/link.txt --verbose=1
/usr/bin/c++        -fPIC CMakeFiles/cmTryCompileExec.dir/testCXXCompiler.cxx.o  -o cmTryCompileExec -rdynamic 
gmake[1]: Leaving directory `/home/cristian/Bpp/bpp-core-2.1.0/CMakeFiles/CMakeTmp'


Detecting CXX compiler ABI info compiled with the following output:
Change Dir: /home/cristian/Bpp/bpp-core-2.1.0/CMakeFiles/CMakeTmp

Run Build Command:/usr/bin/gmake "cmTryCompileExec/fast"
/usr/bin/gmake -f CMakeFiles/cmTryCompileExec.dir/build.make CMakeFiles/cmTryCompileExec.dir/build
gmake[1]: Entering directory `/home/cristian/Bpp/bpp-core-2.1.0/CMakeFiles/CMakeTmp'
/usr/bin/cmake -E cmake_progress_report /home/cristian/Bpp/bpp-core-2.1.0/CMakeFiles/CMakeTmp/CMakeFiles 1
Building CXX object CMakeFiles/cmTryCompileExec.dir/CMakeCXXCompilerABI.cpp.o
/usr/bin/c++     -o CMakeFiles/cmTryCompileExec.dir/CMakeCXXCompilerABI.cpp.o -c /usr/share/cmake/Modules/CMakeCXXCompilerABI.cpp
Linking CXX executable cmTryCompileExec
/usr/bin/cmake -E cmake_link_script CMakeFiles/cmTryCompileExec.dir/link.txt --verbose=1
/usr/bin/c++        -fPIC CMakeFiles/cmTryCompileExec.dir/CMakeCXXCompilerABI.cpp.o  -o cmTryCompileExec -rdynamic 
gmake[1]: Leaving directory `/home/cristian/Bpp/bpp-core-2.1.0/CMakeFiles/CMakeTmp'


The system is: Linux - 2.6.32-358.el6.i686 - i686
Compiling the CXX compiler identification source file "CMakeCXXCompilerId.cpp" succeeded.
Compiler: /usr/bin/c++ 
Build flags: 
Id flags: 

The output was:
0
CMakeCXXCompilerId.cpp:67: aviso: conversión obsoleta de una constante de cadena a ‘char*’
CMakeCXXCompilerId.cpp:157: aviso: conversión obsoleta de una constante de cadena a ‘char*’


Compilation of the CXX compiler identification source "CMakeCXXCompilerId.cpp" produced "a.out"

The CXX compiler identification is GNU, found in "/home/cristian/INSTALADOR/Bpp/bpp-core-2.1.0/CMakeFiles/CompilerIdCXX/a.out"

Determining if the CXX compiler works passed with the following output:
Change Dir: /home/cristian/INSTALADOR/Bpp/bpp-core-2.1.0/CMakeFiles/CMakeTmp

Run Build Command:/usr/bin/gmake "cmTryCompileExec/fast"
/usr/bin/gmake -f CMakeFiles/cmTryCompileExec.dir/build.make CMakeFiles/cmTryCompileExec.dir/build
gmake[1]: se ingresa al directorio `/home/cristian/INSTALADOR/Bpp/bpp-core-2.1.0/CMakeFiles/CMakeTmp'
/usr/bin/cmake -E cmake_progress_report /home/cristian/INSTALADOR/Bpp/bpp-core-2.1.0/CMakeFiles/CMakeTmp/CMakeFiles 1
Building CXX object CMakeFiles/cmTryCompileExec.dir/testCXXCompiler.cxx.o
/usr/bin/c++     -o CMakeFiles/cmTryCompileExec.dir/testCXXCompiler.cxx.o -c /home/cristian/INSTALADOR/Bpp/bpp-core-2.1.0/CMakeFiles/CMakeTmp/testCXXCompiler.cxx
Linking CXX executable cmTryCompileExec
/usr/bin/cmake -E cmake_link_script CMakeFiles/cmTryCompileExec.dir/link.txt --verbose=1
/usr/bin/c++        -fPIC CMakeFiles/cmTryCompileExec.dir/testCXXCompiler.cxx.o  -o cmTryCompileExec -rdynamic 
gmake[1]: se sale del directorio `/home/cristian/INSTALADOR/Bpp/bpp-core-2.1.0/CMakeFiles/CMakeTmp'


Detecting CXX compiler ABI info compiled with the following output:
Change Dir: /home/cristian/INSTALADOR/Bpp/bpp-core-2.1.0/CMakeFiles/CMakeTmp

Run Build Command:/usr/bin/gmake "cmTryCompileExec/fast"
/usr/bin/gmake -f CMakeFiles/cmTryCompileExec.dir/build.make CMakeFiles/cmTryCompileExec.dir/build
gmake[1]: se ingresa al directorio `/home/cristian/INSTALADOR/Bpp/bpp-core-2.1.0/CMakeFiles/CMakeTmp'
/usr/bin/cmake -E cmake_progress_report /home/cristian/INSTALADOR/Bpp/bpp-core-2.1.0/CMakeFiles/CMakeTmp/CMakeFiles 1
Building CXX object CMakeFiles/cmTryCompileExec.dir/CMakeCXXCompilerABI.cpp.o
/usr/bin/c++     -o CMakeFiles/cmTryCompileExec.dir/CMakeCXXCompilerABI.cpp.o -c /usr/share/cmake/Modules/CMakeCXXCompilerABI.cpp
Linking CXX executable cmTryCompileExec
/usr/bin/cmake -E cmake_link_script CMakeFiles/cmTryCompileExec.dir/link.txt --verbose=1
/usr/bin/c++        -fPIC CMakeFiles/cmTryCompileExec.dir/CMakeCXXCompilerABI.cpp.o  -o cmTryCompileExec -rdynamic 
gmake[1]: se sale del directorio `/home/cristian/INSTALADOR/Bpp/bpp-core-2.1.0/CMakeFiles/CMakeTmp'


The system is: Linux - 2.6.32-358.el6.i686 - i686
Compiling the CXX compiler identification source file "CMakeCXXCompilerId.cpp" succeeded.
Compiler: /usr/bin/c++ 
Build flags: 
Id flags: 

The output was:
0
CMakeCXXCompilerId.cpp:67: aviso: conversión obsoleta de una constante de cadena a ‘char*’
CMakeCXXCompilerId.cpp:157: aviso: conversión obsoleta de una constante de cadena a ‘char*’


Compilation of the CXX compiler identification source "CMakeCXXCompilerId.cpp" produced "a.out"

The CXX compiler identification is GNU, found in "/home/cristian/INSTALADOR/Bpp/bpp-core-2.1.0/CMakeFiles/CompilerIdCXX/a.out"

Determining if the CXX compiler works passed with the following output:
Change Dir: /home/cristian/INSTALADOR/Bpp/bpp-core-2.1.0/CMakeFiles/CMakeTmp

Run Build Command:/usr/bin/gmake "cmTryCompileExec/fast"
/usr/bin/gmake -f CMakeFiles/cmTryCompileExec.dir/build.make CMakeFiles/cmTryCompileExec.dir/build
gmake[1]: se ingresa al directorio `/home/cristian/INSTALADOR/Bpp/bpp-core-2.1.0/CMakeFiles/CMakeTmp'
/usr/bin/cmake -E cmake_progress_report /home/cristian/INSTALADOR/Bpp/bpp-core-2.1.0/CMakeFiles/CMakeTmp/CMakeFiles 1
Building CXX object CMakeFiles/cmTryCompileExec.dir/testCXXCompiler.cxx.o
/usr/bin/c++     -o CMakeFiles/cmTryCompileExec.dir/testCXXCompiler.cxx.o -c /home/cristian/INSTALADOR/Bpp/bpp-core-2.1.0/CMakeFiles/CMakeTmp/testCXXCompiler.cxx
Linking CXX executable cmTryCompileExec
/usr/bin/cmake -E cmake_link_script CMakeFiles/cmTryCompileExec.dir/link.txt --verbose=1
/usr/bin/c++        -fPIC CMakeFiles/cmTryCompileExec.dir/testCXXCompiler.cxx.o  -o cmTryCompileExec -rdynamic 
gmake[1]: se sale del directorio `/home/cristian/INSTALADOR/Bpp/bpp-core-2.1.0/CMakeFiles/CMakeTmp'


Detecting CXX compiler ABI info compiled with the following output:
Change Dir: /home/cristian/INSTALADOR/Bpp/bpp-core-2.1.0/CMakeFiles/CMakeTmp

Run Build Command:/usr/bin/gmake "cmTryCompileExec/fast"
/usr/bin/gmake -f CMakeFiles/cmTryCompileExec.dir/build.make CMakeFiles/cmTryCompileExec.dir/build
gmake[1]: se ingresa al directorio `/home/cristian/INSTALADOR/Bpp/bpp-core-2.1.0/CMakeFiles/CMakeTmp'
/usr/bin/cmake -E cmake_progress_report /home/cristian/INSTALADOR/Bpp/bpp-core-2.1.0/CMakeFiles/CMakeTmp/CMakeFiles 1
Building CXX object CMakeFiles/cmTryCompileExec.dir/CMakeCXXCompilerABI.cpp.o
/usr/bin/c++     -o CMakeFiles/cmTryCompileExec.dir/CMakeCXXCompilerABI.cpp.o -c /usr/share/cmake/Modules/CMakeCXXCompilerABI.cpp
Linking CXX executable cmTryCompileExec
/usr/bin/cmake -E cmake_link_script CMakeFiles/cmTryCompileExec.dir/link.txt --verbose=1
/usr/bin/c++        -fPIC CMakeFiles/cmTryCompileExec.dir/CMakeCXXCompilerABI.cpp.o  -o cmTryCompileExec -rdynamic 
gmake[1]: se sale del directorio `/home/cristian/INSTALADOR/Bpp/bpp-core-2.1.0/CMakeFiles/CMakeTmp'


The system is: Linux - 2.6.32-358.el6.i686 - i686
Compiling the CXX compiler identification source file "CMakeCXXCompilerId.cpp" succeeded.
Compiler: /usr/bin/c++ 
Build flags: 
Id flags: 

The output was:
0
CMakeCXXCompilerId.cpp:67: aviso: conversión obsoleta de una constante de cadena a ‘char*’
CMakeCXXCompilerId.cpp:157: aviso: conversión obsoleta de una constante de cadena a ‘char*’


Compilation of the CXX compiler identification source "CMakeCXXCompilerId.cpp" produced "a.out"

The CXX compiler identification is GNU, found in "/home/cristian/INSTALADOR/lib/Bpp/bpp-core-2.1.0/CMakeFiles/CompilerIdCXX/a.out"

Determining if the CXX compiler works passed with the following output:
Change Dir: /home/cristian/INSTALADOR/lib/Bpp/bpp-core-2.1.0/CMakeFiles/CMakeTmp

Run Build Command:/usr/bin/gmake "cmTryCompileExec/fast"
/usr/bin/gmake -f CMakeFiles/cmTryCompileExec.dir/build.make CMakeFiles/cmTryCompileExec.dir/build
gmake[1]: se ingresa al directorio `/home/cristian/INSTALADOR/lib/Bpp/bpp-core-2.1.0/CMakeFiles/CMakeTmp'
/usr/bin/cmake -E cmake_progress_report /home/cristian/INSTALADOR/lib/Bpp/bpp-core-2.1.0/CMakeFiles/CMakeTmp/CMakeFiles 1
Building CXX object CMakeFiles/cmTryCompileExec.dir/testCXXCompiler.cxx.o
/usr/bin/c++     -o CMakeFiles/cmTryCompileExec.dir/testCXXCompiler.cxx.o -c /home/cristian/INSTALADOR/lib/Bpp/bpp-core-2.1.0/CMakeFiles/CMakeTmp/testCXXCompiler.cxx
Linking CXX executable cmTryCompileExec
/usr/bin/cmake -E cmake_link_script CMakeFiles/cmTryCompileExec.dir/link.txt --verbose=1
/usr/bin/c++        -fPIC CMakeFiles/cmTryCompileExec.dir/testCXXCompiler.cxx.o  -o cmTryCompileExec -rdynamic 
gmake[1]: se sale del directorio `/home/cristian/INSTALADOR/lib/Bpp/bpp-core-2.1.0/CMakeFiles/CMakeTmp'


Detecting CXX compiler ABI info compiled with the following output:
Change Dir: /home/cristian/INSTALADOR/lib/Bpp/bpp-core-2.1.0/CMakeFiles/CMakeTmp

Run Build Command:/usr/bin/gmake "cmTryCompileExec/fast"
/usr/bin/gmake -f CMakeFiles/cmTryCompileExec.dir/build.make CMakeFiles/cmTryCompileExec.dir/build
gmake[1]: se ingresa al directorio `/home/cristian/INSTALADOR/lib/Bpp/bpp-core-2.1.0/CMakeFiles/CMakeTmp'
/usr/bin/cmake -E cmake_progress_report /home/cristian/INSTALADOR/lib/Bpp/bpp-core-2.1.0/CMakeFiles/CMakeTmp/CMakeFiles 1
Building CXX object CMakeFiles/cmTryCompileExec.dir/CMakeCXXCompilerABI.cpp.o
/usr/bin/c++     -o CMakeFiles/cmTryCompileExec.dir/CMakeCXXCompilerABI.cpp.o -c /usr/share/cmake/Modules/CMakeCXXCompilerABI.cpp
Linking CXX executable cmTryCompileExec
/usr/bin/cmake -E cmake_link_script CMakeFiles/cmTryCompileExec.dir/link.txt --verbose=1
/usr/bin/c++        -fPIC CMakeFiles/cmTryCompileExec.dir/CMakeCXXCompilerABI.cpp.o  -o cmTryCompileExec -rdynamic 
gmake[1]: se sale del directorio `/home/cristian/INSTALADOR/lib/Bpp/bpp-core-2.1.0/CMakeFiles/CMakeTmp'


The system is: Linux - 2.6.32-358.el6.i686 - i686
Compiling the CXX compiler identification source file "CMakeCXXCompilerId.cpp" succeeded.
Compiler: /usr/bin/c++ 
Build flags: 
Id flags: 

The output was:
0
CMakeCXXCompilerId.cpp:67: aviso: conversión obsoleta de una constante de cadena a ‘char*’
CMakeCXXCompilerId.cpp:157: aviso: conversión obsoleta de una constante de cadena a ‘char*’


Compilation of the CXX compiler identification source "CMakeCXXCompilerId.cpp" produced "a.out"

The CXX compiler identification is GNU, found in "/home/cristian/INSTALADOR/lib/Bpp/bpp-core-2.1.0/CMakeFiles/CompilerIdCXX/a.out"

Determining if the CXX compiler works passed with the following output:
Change Dir: /home/cristian/INSTALADOR/lib/Bpp/bpp-core-2.1.0/CMakeFiles/CMakeTmp

Run Build Command:/usr/bin/gmake "cmTryCompileExec/fast"
/usr/bin/gmake -f CMakeFiles/cmTryCompileExec.dir/build.make CMakeFiles/cmTryCompileExec.dir/build
gmake[1]: se ingresa al directorio `/home/cristian/INSTALADOR/lib/Bpp/bpp-core-2.1.0/CMakeFiles/CMakeTmp'
/usr/bin/cmake -E cmake_progress_report /home/cristian/INSTALADOR/lib/Bpp/bpp-core-2.1.0/CMakeFiles/CMakeTmp/CMakeFiles 1
Building CXX object CMakeFiles/cmTryCompileExec.dir/testCXXCompiler.cxx.o
/usr/bin/c++     -o CMakeFiles/cmTryCompileExec.dir/testCXXCompiler.cxx.o -c /home/cristian/INSTALADOR/lib/Bpp/bpp-core-2.1.0/CMakeFiles/CMakeTmp/testCXXCompiler.cxx
Linking CXX executable cmTryCompileExec
/usr/bin/cmake -E cmake_link_script CMakeFiles/cmTryCompileExec.dir/link.txt --verbose=1
/usr/bin/c++        -fPIC CMakeFiles/cmTryCompileExec.dir/testCXXCompiler.cxx.o  -o cmTryCompileExec -rdynamic 
gmake[1]: se sale del directorio `/home/cristian/INSTALADOR/lib/Bpp/bpp-core-2.1.0/CMakeFiles/CMakeTmp'


Detecting CXX compiler ABI info compiled with the following output:
Change Dir: /home/cristian/INSTALADOR/lib/Bpp/bpp-core-2.1.0/CMakeFiles/CMakeTmp

Run Build Command:/usr/bin/gmake "cmTryCompileExec/fast"
/usr/bin/gmake -f CMakeFiles/cmTryCompileExec.dir/build.make CMakeFiles/cmTryCompileExec.dir/build
gmake[1]: se ingresa al directorio `/home/cristian/INSTALADOR/lib/Bpp/bpp-core-2.1.0/CMakeFiles/CMakeTmp'
/usr/bin/cmake -E cmake_progress_report /home/cristian/INSTALADOR/lib/Bpp/bpp-core-2.1.0/CMakeFiles/CMakeTmp/CMakeFiles 1
Building CXX object CMakeFiles/cmTryCompileExec.dir/CMakeCXXCompilerABI.cpp.o
/usr/bin/c++     -o CMakeFiles/cmTryCompileExec.dir/CMakeCXXCompilerABI.cpp.o -c /usr/share/cmake/Modules/CMakeCXXCompilerABI.cpp
Linking CXX executable cmTryCompileExec
/usr/bin/cmake -E cmake_link_script CMakeFiles/cmTryCompileExec.dir/link.txt --verbose=1
/usr/bin/c++        -fPIC CMakeFiles/cmTryCompileExec.dir/CMakeCXXCompilerABI.cpp.o  -o cmTryCompileExec -rdynamic 
gmake[1]: se sale del directorio `/home/cristian/INSTALADOR/lib/Bpp/bpp-core-2.1.0/CMakeFiles/CMakeTmp'


The system is: Linux - 2.6.32-358.el6.i686 - i686
Determining if the CXX compiler works passed with the following output:
Change Dir: /home/cristian/INSTALADOR/lib/Bpp/bpp-core-2.1.0/CMakeFiles/CMakeTmp

Run Build Command:/usr/bin/gmake "cmTryCompileExec/fast"
/usr/bin/gmake -f CMakeFiles/cmTryCompileExec.dir/build.make CMakeFiles/cmTryCompileExec.dir/build
gmake[1]: se ingresa al directorio `/home/cristian/INSTALADOR/lib/Bpp/bpp-core-2.1.0/CMakeFiles/CMakeTmp'
/usr/bin/cmake -E cmake_progress_report /home/cristian/INSTALADOR/lib/Bpp/bpp-core-2.1.0/CMakeFiles/CMakeTmp/CMakeFiles 1
Building CXX object CMakeFiles/cmTryCompileExec.dir/testCXXCompiler.cxx.o
/usr/bin/c++     -o CMakeFiles/cmTryCompileExec.dir/testCXXCompiler.cxx.o -c /home/cristian/INSTALADOR/lib/Bpp/bpp-core-2.1.0/CMakeFiles/CMakeTmp/testCXXCompiler.cxx
Linking CXX executable cmTryCompileExec
/usr/bin/cmake -E cmake_link_script CMakeFiles/cmTryCompileExec.dir/link.txt --verbose=1
/usr/bin/c++        -fPIC CMakeFiles/cmTryCompileExec.dir/testCXXCompiler.cxx.o  -o cmTryCompileExec -rdynamic 
gmake[1]: se sale del directorio `/home/cristian/INSTALADOR/lib/Bpp/bpp-core-2.1.0/CMakeFiles/CMakeTmp'


Detecting CXX compiler ABI info compiled with the following output:
Change Dir: /home/cristian/INSTALADOR/lib/Bpp/bpp-core-2.1.0/CMakeFiles/CMakeTmp

Run Build Command:/usr/bin/gmake "cmTryCompileExec/fast"
/usr/bin/gmake -f CMakeFiles/cmTryCompileExec.dir/build.make CMakeFiles/cmTryCompileExec.dir/build
gmake[1]: se ingresa al directorio `/home/cristian/INSTALADOR/lib/Bpp/bpp-core-2.1.0/CMakeFiles/CMakeTmp'
/usr/bin/cmake -E cmake_progress_report /home/cristian/INSTALADOR/lib/Bpp/bpp-core-2.1.0/CMakeFiles/CMakeTmp/CMakeFiles 1
Building CXX object CMakeFiles/cmTryCompileExec.dir/CMakeCXXCompilerABI.cpp.o
/usr/bin/c++     -o CMakeFiles/cmTryCompileExec.dir/CMakeCXXCompilerABI.cpp.o -c /usr/share/cmake/Modules/CMakeCXXCompilerABI.cpp
Linking CXX executable cmTryCompileExec
/usr/bin/cmake -E cmake_link_script CMakeFiles/cmTryCompileExec.dir/link.txt --verbose=1
/usr/bin/c++        -fPIC CMakeFiles/cmTryCompileExec.dir/CMakeCXXCompilerABI.cpp.o  -o cmTryCompileExec -rdynamic 
gmake[1]: se sale del directorio `/home/cristian/INSTALADOR/lib/Bpp/bpp-core-2.1.0/CMakeFiles/CMakeTmp'


The system is: Linux - 2.6.32-358.el6.i686 - i686
Compiling the CXX compiler identification source file "CMakeCXXCompilerId.cpp" succeeded.
Compiler: /usr/bin/c++ 
Build flags: 
Id flags: 

The output was:
0


Compilation of the CXX compiler identification source "CMakeCXXCompilerId.cpp" produced "a.out"

The CXX compiler identification is GNU, found in "/home/cristian/INSTALADOR/lib/Bpp/bpp-core-2.1.0/CMakeFiles/2.8.12.2/CompilerIdCXX/a.out"

Determining if the CXX compiler works passed with the following output:
Change Dir: /home/cristian/INSTALADOR/lib/Bpp/bpp-core-2.1.0/CMakeFiles/CMakeTmp

Run Build Command:/usr/bin/gmake "cmTryCompileExec3020339295/fast"
/usr/bin/gmake -f CMakeFiles/cmTryCompileExec3020339295.dir/build.make CMakeFiles/cmTryCompileExec3020339295.dir/build
gmake[1]: se ingresa al directorio `/home/cristian/INSTALADOR/lib/Bpp/bpp-core-2.1.0/CMakeFiles/CMakeTmp'
/usr/bin/cmake -E cmake_progress_report /home/cristian/INSTALADOR/lib/Bpp/bpp-core-2.1.0/CMakeFiles/CMakeTmp/CMakeFiles 1
Building CXX object CMakeFiles/cmTryCompileExec3020339295.dir/testCXXCompiler.cxx.o
/usr/bin/c++     -o CMakeFiles/cmTryCompileExec3020339295.dir/testCXXCompiler.cxx.o -c /home/cristian/INSTALADOR/lib/Bpp/bpp-core-2.1.0/CMakeFiles/CMakeTmp/testCXXCompiler.cxx
Linking CXX executable cmTryCompileExec3020339295
/usr/bin/cmake -E cmake_link_script CMakeFiles/cmTryCompileExec3020339295.dir/link.txt --verbose=1
/usr/bin/c++        CMakeFiles/cmTryCompileExec3020339295.dir/testCXXCompiler.cxx.o  -o cmTryCompileExec3020339295 -rdynamic 
gmake[1]: se sale del directorio `/home/cristian/INSTALADOR/lib/Bpp/bpp-core-2.1.0/CMakeFiles/CMakeTmp'


Detecting CXX compiler ABI info compiled with the following output:
Change Dir: /home/cristian/INSTALADOR/lib/Bpp/bpp-core-2.1.0/CMakeFiles/CMakeTmp

Run Build Command:/usr/bin/gmake "cmTryCompileExec3921057184/fast"
/usr/bin/gmake -f CMakeFiles/cmTryCompileExec3921057184.dir/build.make CMakeFiles/cmTryCompileExec3921057184.dir/build
gmake[1]: se ingresa al directorio `/home/cristian/INSTALADOR/lib/Bpp/bpp-core-2.1.0/CMakeFiles/CMakeTmp'
/usr/bin/cmake -E cmake_progress_report /home/cristian/INSTALADOR/lib/Bpp/bpp-core-2.1.0/CMakeFiles/CMakeTmp/CMakeFiles 1
Building CXX object CMakeFiles/cmTryCompileExec3921057184.dir/CMakeCXXCompilerABI.cpp.o
/usr/bin/c++     -o CMakeFiles/cmTryCompileExec3921057184.dir/CMakeCXXCompilerABI.cpp.o -c /usr/share/cmake/Modules/CMakeCXXCompilerABI.cpp
Linking CXX executable cmTryCompileExec3921057184
/usr/bin/cmake -E cmake_link_script CMakeFiles/cmTryCompileExec3921057184.dir/link.txt --verbose=1
/usr/bin/c++      -v CMakeFiles/cmTryCompileExec3921057184.dir/CMakeCXXCompilerABI.cpp.o  -o cmTryCompileExec3921057184 -rdynamic  
Usando especificaciones internas.
Objetivo: i686-redhat-linux
Configurado con: ../configure --prefix=/usr --mandir=/usr/share/man --infodir=/usr/share/info --with-bugurl=http://bugzilla.redhat.com/bugzilla --enable-bootstrap --enable-shared --enable-threads=posix --enable-checking=release --with-system-zlib --enable-__cxa_atexit --disable-libunwind-exceptions --enable-gnu-unique-object --enable-languages=c,c++,objc,obj-c++,java,fortran,ada --enable-java-awt=gtk --disable-dssi --with-java-home=/usr/lib/jvm/java-1.5.0-gcj-1.5.0.0/jre --enable-libgcj-multifile --enable-java-maintainer-mode --with-ecj-jar=/usr/share/java/eclipse-ecj.jar --disable-libjava-multilib --with-ppl --with-cloog --with-tune=generic --with-arch=i686 --build=i686-redhat-linux
Modelo de hilos: posix
gcc versión 4.4.7 20120313 (Red Hat 4.4.7-11) (GCC) 
COMPILER_PATH=/usr/libexec/gcc/i686-redhat-linux/4.4.7/:/usr/libexec/gcc/i686-redhat-linux/4.4.7/:/usr/libexec/gcc/i686-redhat-linux/:/usr/lib/gcc/i686-redhat-linux/4.4.7/:/usr/lib/gcc/i686-redhat-linux/:/usr/libexec/gcc/i686-redhat-linux/4.4.7/:/usr/libexec/gcc/i686-redhat-linux/:/usr/lib/gcc/i686-redhat-linux/4.4.7/:/usr/lib/gcc/i686-redhat-linux/
LIBRARY_PATH=./:/home/cristian/Bpp/lib/:/usr/local/lib/:/home/cristian/pll/phylogenetic-likelihood-library/src/lib/:/home/cristian/Bpp/lib/:/usr/local/lib/:/home/cristian/pll/phylogenetic-likelihood-library/src/lib/:/usr/lib/gcc/i686-redhat-linux/4.4.7/:/usr/lib/gcc/i686-redhat-linux/4.4.7/:/usr/lib/gcc/i686-redhat-linux/4.4.7/../../../:/lib/:/usr/lib/
COLLECT_GCC_OPTIONS='-v' '-o' 'cmTryCompileExec3921057184' '-rdynamic' '-shared-libgcc' '-mtune=generic' '-march=i686'
 /usr/libexec/gcc/i686-redhat-linux/4.4.7/collect2 --eh-frame-hdr --build-id -m elf_i386 --hash-style=gnu -export-dynamic -dynamic-linker /lib/ld-linux.so.2 -o cmTryCompileExec3921057184 /usr/lib/gcc/i686-redhat-linux/4.4.7/../../../crt1.o /usr/lib/gcc/i686-redhat-linux/4.4.7/../../../crti.o /usr/lib/gcc/i686-redhat-linux/4.4.7/crtbegin.o -L. -L/home/cristian/Bpp/lib -L/usr/local/lib -L/home/cristian/pll/phylogenetic-likelihood-library/src/lib -L/home/cristian/Bpp/lib -L/usr/local/lib -L/home/cristian/pll/phylogenetic-likelihood-library/src/lib -L/usr/lib/gcc/i686-redhat-linux/4.4.7 -L/usr/lib/gcc/i686-redhat-linux/4.4.7 -L/usr/lib/gcc/i686-redhat-linux/4.4.7/../../.. CMakeFiles/cmTryCompileExec3921057184.dir/CMakeCXXCompilerABI.cpp.o -lstdc++ -lm -lgcc_s -lgcc -lc -lgcc_s -lgcc /usr/lib/gcc/i686-redhat-linux/4.4.7/crtend.o /usr/lib/gcc/i686-redhat-linux/4.4.7/../../../crtn.o
gmake[1]: se sale del directorio `/home/cristian/INSTALADOR/lib/Bpp/bpp-core-2.1.0/CMakeFiles/CMakeTmp'


Parsed CXX implicit link information from above output:
  link line regex: [^( *|.*[/\])(ld|([^/\]+-)?ld|collect2)[^/\]*( |$)]
  ignore line: [Change Dir: /home/cristian/INSTALADOR/lib/Bpp/bpp-core-2.1.0/CMakeFiles/CMakeTmp]
  ignore line: []
  ignore line: [Run Build Command:/usr/bin/gmake "cmTryCompileExec3921057184/fast"]
  ignore line: [/usr/bin/gmake -f CMakeFiles/cmTryCompileExec3921057184.dir/build.make CMakeFiles/cmTryCompileExec3921057184.dir/build]
  ignore line: [gmake[1]: se ingresa al directorio `/home/cristian/INSTALADOR/lib/Bpp/bpp-core-2.1.0/CMakeFiles/CMakeTmp']
  ignore line: [/usr/bin/cmake -E cmake_progress_report /home/cristian/INSTALADOR/lib/Bpp/bpp-core-2.1.0/CMakeFiles/CMakeTmp/CMakeFiles 1]
  ignore line: [Building CXX object CMakeFiles/cmTryCompileExec3921057184.dir/CMakeCXXCompilerABI.cpp.o]
  ignore line: [/usr/bin/c++     -o CMakeFiles/cmTryCompileExec3921057184.dir/CMakeCXXCompilerABI.cpp.o -c /usr/share/cmake/Modules/CMakeCXXCompilerABI.cpp]
  ignore line: [Linking CXX executable cmTryCompileExec3921057184]
  ignore line: [/usr/bin/cmake -E cmake_link_script CMakeFiles/cmTryCompileExec3921057184.dir/link.txt --verbose=1]
  ignore line: [/usr/bin/c++      -v CMakeFiles/cmTryCompileExec3921057184.dir/CMakeCXXCompilerABI.cpp.o  -o cmTryCompileExec3921057184 -rdynamic  ]
  ignore line: [Usando especificaciones internas.]
  ignore line: [Objetivo: i686-redhat-linux]
  ignore line: [Configurado con: ../configure --prefix=/usr --mandir=/usr/share/man --infodir=/usr/share/info --with-bugurl=http://bugzilla.redhat.com/bugzilla --enable-bootstrap --enable-shared --enable-threads=posix --enable-checking=release --with-system-zlib --enable-__cxa_atexit --disable-libunwind-exceptions --enable-gnu-unique-object --enable-languages=c,c++,objc,obj-c++,java,fortran,ada --enable-java-awt=gtk --disable-dssi --with-java-home=/usr/lib/jvm/java-1.5.0-gcj-1.5.0.0/jre --enable-libgcj-multifile --enable-java-maintainer-mode --with-ecj-jar=/usr/share/java/eclipse-ecj.jar --disable-libjava-multilib --with-ppl --with-cloog --with-tune=generic --with-arch=i686 --build=i686-redhat-linux]
  ignore line: [Modelo de hilos: posix]
  ignore line: [gcc versión 4.4.7 20120313 (Red Hat 4.4.7-11) (GCC) ]
  ignore line: [COMPILER_PATH=/usr/libexec/gcc/i686-redhat-linux/4.4.7/:/usr/libexec/gcc/i686-redhat-linux/4.4.7/:/usr/libexec/gcc/i686-redhat-linux/:/usr/lib/gcc/i686-redhat-linux/4.4.7/:/usr/lib/gcc/i686-redhat-linux/:/usr/libexec/gcc/i686-redhat-linux/4.4.7/:/usr/libexec/gcc/i686-redhat-linux/:/usr/lib/gcc/i686-redhat-linux/4.4.7/:/usr/lib/gcc/i686-redhat-linux/]
  ignore line: [LIBRARY_PATH=./:/home/cristian/Bpp/lib/:/usr/local/lib/:/home/cristian/pll/phylogenetic-likelihood-library/src/lib/:/home/cristian/Bpp/lib/:/usr/local/lib/:/home/cristian/pll/phylogenetic-likelihood-library/src/lib/:/usr/lib/gcc/i686-redhat-linux/4.4.7/:/usr/lib/gcc/i686-redhat-linux/4.4.7/:/usr/lib/gcc/i686-redhat-linux/4.4.7/../../../:/lib/:/usr/lib/]
  ignore line: [COLLECT_GCC_OPTIONS='-v' '-o' 'cmTryCompileExec3921057184' '-rdynamic' '-shared-libgcc' '-mtune=generic' '-march=i686']
  link line: [ /usr/libexec/gcc/i686-redhat-linux/4.4.7/collect2 --eh-frame-hdr --build-id -m elf_i386 --hash-style=gnu -export-dynamic -dynamic-linker /lib/ld-linux.so.2 -o cmTryCompileExec3921057184 /usr/lib/gcc/i686-redhat-linux/4.4.7/../../../crt1.o /usr/lib/gcc/i686-redhat-linux/4.4.7/../../../crti.o /usr/lib/gcc/i686-redhat-linux/4.4.7/crtbegin.o -L. -L/home/cristian/Bpp/lib -L/usr/local/lib -L/home/cristian/pll/phylogenetic-likelihood-library/src/lib -L/home/cristian/Bpp/lib -L/usr/local/lib -L/home/cristian/pll/phylogenetic-likelihood-library/src/lib -L/usr/lib/gcc/i686-redhat-linux/4.4.7 -L/usr/lib/gcc/i686-redhat-linux/4.4.7 -L/usr/lib/gcc/i686-redhat-linux/4.4.7/../../.. CMakeFiles/cmTryCompileExec3921057184.dir/CMakeCXXCompilerABI.cpp.o -lstdc++ -lm -lgcc_s -lgcc -lc -lgcc_s -lgcc /usr/lib/gcc/i686-redhat-linux/4.4.7/crtend.o /usr/lib/gcc/i686-redhat-linux/4.4.7/../../../crtn.o]
    arg [/usr/libexec/gcc/i686-redhat-linux/4.4.7/collect2] ==> ignore
    arg [--eh-frame-hdr] ==> ignore
    arg [--build-id] ==> ignore
    arg [-m] ==> ignore
    arg [elf_i386] ==> ignore
    arg [--hash-style=gnu] ==> ignore
    arg [-export-dynamic] ==> ignore
    arg [-dynamic-linker] ==> ignore
    arg [/lib/ld-linux.so.2] ==> ignore
    arg [-o] ==> ignore
    arg [cmTryCompileExec3921057184] ==> ignore
    arg [/usr/lib/gcc/i686-redhat-linux/4.4.7/../../../crt1.o] ==> ignore
    arg [/usr/lib/gcc/i686-redhat-linux/4.4.7/../../../crti.o] ==> ignore
    arg [/usr/lib/gcc/i686-redhat-linux/4.4.7/crtbegin.o] ==> ignore
    arg [-L.] ==> ignore
    arg [-L/home/cristian/Bpp/lib] ==> dir [/home/cristian/Bpp/lib]
    arg [-L/usr/local/lib] ==> dir [/usr/local/lib]
    arg [-L/home/cristian/pll/phylogenetic-likelihood-library/src/lib] ==> dir [/home/cristian/pll/phylogenetic-likelihood-library/src/lib]
    arg [-L/home/cristian/Bpp/lib] ==> dir [/home/cristian/Bpp/lib]
    arg [-L/usr/local/lib] ==> dir [/usr/local/lib]
    arg [-L/home/cristian/pll/phylogenetic-likelihood-library/src/lib] ==> dir [/home/cristian/pll/phylogenetic-likelihood-library/src/lib]
    arg [-L/usr/lib/gcc/i686-redhat-linux/4.4.7] ==> dir [/usr/lib/gcc/i686-redhat-linux/4.4.7]
    arg [-L/usr/lib/gcc/i686-redhat-linux/4.4.7] ==> dir [/usr/lib/gcc/i686-redhat-linux/4.4.7]
    arg [-L/usr/lib/gcc/i686-redhat-linux/4.4.7/../../..] ==> dir [/usr/lib/gcc/i686-redhat-linux/4.4.7/../../..]
    arg [CMakeFiles/cmTryCompileExec3921057184.dir/CMakeCXXCompilerABI.cpp.o] ==> ignore
    arg [-lstdc++] ==> lib [stdc++]
    arg [-lm] ==> lib [m]
    arg [-lgcc_s] ==> lib [gcc_s]
    arg [-lgcc] ==> lib [gcc]
    arg [-lc] ==> lib [c]
    arg [-lgcc_s] ==> lib [gcc_s]
    arg [-lgcc] ==> lib [gcc]
    arg [/usr/lib/gcc/i686-redhat-linux/4.4.7/crtend.o] ==> ignore
    arg [/usr/lib/gcc/i686-redhat-linux/4.4.7/../../../crtn.o] ==> ignore
  remove lib [gcc_s]
  remove lib [gcc]
  remove lib [gcc_s]
  remove lib [gcc]
  collapse library dir [/home/cristian/Bpp/lib] ==> [/home/cristian/Bpp/lib]
  collapse library dir [/usr/local/lib] ==> [/usr/local/lib]
  collapse library dir [/home/cristian/pll/phylogenetic-likelihood-library/src/lib] ==> [/home/cristian/pll/phylogenetic-likelihood-library/src/lib]
  collapse library dir [/home/cristian/Bpp/lib] ==> [/home/cristian/Bpp/lib]
  collapse library dir [/usr/local/lib] ==> [/usr/local/lib]
  collapse library dir [/home/cristian/pll/phylogenetic-likelihood-library/src/lib] ==> [/home/cristian/pll/phylogenetic-likelihood-library/src/lib]
  collapse library dir [/usr/lib/gcc/i686-redhat-linux/4.4.7] ==> [/usr/lib/gcc/i686-redhat-linux/4.4.7]
  collapse library dir [/usr/lib/gcc/i686-redhat-linux/4.4.7] ==> [/usr/lib/gcc/i686-redhat-linux/4.4.7]
  collapse library dir [/usr/lib/gcc/i686-redhat-linux/4.4.7/../../..] ==> [/usr/lib]
  implicit libs: [stdc++;m;c]
  implicit dirs: [/home/cristian/Bpp/lib;/usr/local/lib;/home/cristian/pll/phylogenetic-likelihood-library/src/lib;/usr/lib/gcc/i686-redhat-linux/4.4.7;/usr/lib]
  implicit fwks: []


